# JRE version: Java(TM) SE Runtime Environment (8.0_211-b12) (build 1.8.0_211-b12)
# Java VM: Java HotSpot(TM) 64-Bit Server VM (25.211-b12 mixed mode windows-amd64 compressed oops)
Heap:
 PSYoungGen      total 140288K, used 49961K [0x00000000f5580000, 0x0000000100000000, 0x0000000100000000)
  eden space 121344K, 25% used [0x00000000f5580000,0x00000000f741f370,0x00000000fcc00000)
  from space 18944K, 98% used [0x00000000fcc00000,0x00000000fde2b478,0x00000000fde80000)
  to   space 27136K, 0% used [0x00000000fe580000,0x00000000fe580000,0x0000000100000000)
 ParOldGen       total 175104K, used 64829K [0x00000000e0000000, 0x00000000eab00000, 0x00000000f5580000)
  object space 175104K, 37% used [0x00000000e0000000,0x00000000e3f4f768,0x00000000eab00000)
 Metaspace       used 76142K, capacity 78778K, committed 79000K, reserved 1118208K
  class space    used 10263K, capacity 10843K, committed 10904K, reserved 1048576K
GC Heap History (10 events):
Event: 38.274 GC heap before
{Heap before GC invocations=14 (full 3):
 PSYoungGen      total 152576K, used 146710K [0x00000000f5580000, 0x00000000ffe00000, 0x0000000100000000)
  eden space 135680K, 100% used [0x00000000f5580000,0x00000000fda00000,0x00000000fda00000)
  from space 16896K, 65% used [0x00000000fed80000,0x00000000ff845a90,0x00000000ffe00000)
  to   space 18432K, 0% used [0x00000000fda00000,0x00000000fda00000,0x00000000fec00000)
 ParOldGen       total 175104K, used 34781K [0x00000000e0000000, 0x00000000eab00000, 0x00000000f5580000)
  object space 175104K, 19% used [0x00000000e0000000,0x00000000e21f75e0,0x00000000eab00000)
 Metaspace       used 64810K, capacity 67048K, committed 67096K, reserved 1107968K
  class space    used 8934K, capacity 9492K, committed 9496K, reserved 1048576K
Event: 38.292 GC heap after
Heap after GC invocations=14 (full 3):
 PSYoungGen      total 154112K, used 18427K [0x00000000f5580000, 0x0000000100000000, 0x0000000100000000)
  eden space 135680K, 0% used [0x00000000f5580000,0x00000000f5580000,0x00000000fda00000)
  from space 18432K, 99% used [0x00000000fda00000,0x00000000febfec78,0x00000000fec00000)
  to   space 20480K, 0% used [0x00000000fec00000,0x00000000fec00000,0x0000000100000000)
 ParOldGen       total 175104K, used 39632K [0x00000000e0000000, 0x00000000eab00000, 0x00000000f5580000)
  object space 175104K, 22% used [0x00000000e0000000,0x00000000e26b4348,0x00000000eab00000)
 Metaspace       used 64810K, capacity 67048K, committed 67096K, reserved 1107968K
  class space    used 8934K, capacity 9492K, committed 9496K, reserved 1048576K
}
Event: 43.895 GC heap before
{Heap before GC invocations=15 (full 3):
 PSYoungGen      total 154112K, used 154107K [0x00000000f5580000, 0x0000000100000000, 0x0000000100000000)
  eden space 135680K, 100% used [0x00000000f5580000,0x00000000fda00000,0x00000000fda00000)
  from space 18432K, 99% used [0x00000000fda00000,0x00000000febfec78,0x00000000fec00000)
  to   space 20480K, 0% used [0x00000000fec00000,0x00000000fec00000,0x0000000100000000)
 ParOldGen       total 175104K, used 39632K [0x00000000e0000000, 0x00000000eab00000, 0x00000000f5580000)
  object space 175104K, 22% used [0x00000000e0000000,0x00000000e26b4348,0x00000000eab00000)
 Metaspace       used 66775K, capacity 69034K, committed 69144K, reserved 1107968K
  class space    used 9138K, capacity 9675K, committed 9752K, reserved 1048576K
Event: 43.917 GC heap after
Heap after GC invocations=15 (full 3):
 PSYoungGen      total 151040K, used 14460K [0x00000000f5580000, 0x0000000100000000, 0x0000000100000000)
  eden space 130560K, 0% used [0x00000000f5580000,0x00000000f5580000,0x00000000fd500000)
  from space 20480K, 70% used [0x00000000fec00000,0x00000000ffa1f250,0x0000000100000000)
  to   space 22016K, 0% used [0x00000000fd500000,0x00000000fd500000,0x00000000fea80000)
 ParOldGen       total 175104K, used 46932K [0x00000000e0000000, 0x00000000eab00000, 0x00000000f5580000)
  object space 175104K, 26% used [0x00000000e0000000,0x00000000e2dd5178,0x00000000eab00000)
 Metaspace       used 66775K, capacity 69034K, committed 69144K, reserved 1107968K
  class space    used 9138K, capacity 9675K, committed 9752K, reserved 1048576K
}
Event: 45.200 GC heap before
{Heap before GC invocations=16 (full 3):
 PSYoungGen      total 151040K, used 145020K [0x00000000f5580000, 0x0000000100000000, 0x0000000100000000)
  eden space 130560K, 100% used [0x00000000f5580000,0x00000000fd500000,0x00000000fd500000)
  from space 20480K, 70% used [0x00000000fec00000,0x00000000ffa1f250,0x0000000100000000)
  to   space 22016K, 0% used [0x00000000fd500000,0x00000000fd500000,0x00000000fea80000)
 ParOldGen       total 175104K, used 46932K [0x00000000e0000000, 0x00000000eab00000, 0x00000000f5580000)
  object space 175104K, 26% used [0x00000000e0000000,0x00000000e2dd5178,0x00000000eab00000)
 Metaspace       used 70689K, capacity 72910K, committed 72984K, reserved 1112064K
  class space    used 9657K, capacity 10223K, committed 10264K, reserved 1048576K
Event: 45.210 GC heap after
Heap after GC invocations=16 (full 3):
 PSYoungGen      total 152576K, used 15336K [0x00000000f5580000, 0x0000000100000000, 0x0000000100000000)
  eden space 130560K, 0% used [0x00000000f5580000,0x00000000f5580000,0x00000000fd500000)
  from space 22016K, 69% used [0x00000000fd500000,0x00000000fe3fa330,0x00000000fea80000)
  to   space 22016K, 0% used [0x00000000fea80000,0x00000000fea80000,0x0000000100000000)
 ParOldGen       total 175104K, used 46940K [0x00000000e0000000, 0x00000000eab00000, 0x00000000f5580000)
  object space 175104K, 26% used [0x00000000e0000000,0x00000000e2dd7178,0x00000000eab00000)
 Metaspace       used 70689K, capacity 72910K, committed 72984K, reserved 1112064K
  class space    used 9657K, capacity 10223K, committed 10264K, reserved 1048576K
}
Event: 49.122 GC heap before
{Heap before GC invocations=17 (full 3):
 PSYoungGen      total 152576K, used 145896K [0x00000000f5580000, 0x0000000100000000, 0x0000000100000000)
  eden space 130560K, 100% used [0x00000000f5580000,0x00000000fd500000,0x00000000fd500000)
  from space 22016K, 69% used [0x00000000fd500000,0x00000000fe3fa330,0x00000000fea80000)
  to   space 22016K, 0% used [0x00000000fea80000,0x00000000fea80000,0x0000000100000000)
 ParOldGen       total 175104K, used 46940K [0x00000000e0000000, 0x00000000eab00000, 0x00000000f5580000)
  object space 175104K, 26% used [0x00000000e0000000,0x00000000e2dd7178,0x00000000eab00000)
 Metaspace       used 73670K, capacity 76026K, committed 76056K, reserved 1114112K
  class space    used 9943K, capacity 10513K, committed 10520K, reserved 1048576K
Event: 49.150 GC heap after
Heap after GC invocations=17 (full 3):
 PSYoungGen      total 143360K, used 22014K [0x00000000f5580000, 0x0000000100000000, 0x0000000100000000)
  eden space 121344K, 0% used [0x00000000f5580000,0x00000000f5580000,0x00000000fcc00000)
  from space 22016K, 99% used [0x00000000fea80000,0x00000000fffff9e0,0x0000000100000000)
  to   space 26624K, 0% used [0x00000000fcc00000,0x00000000fcc00000,0x00000000fe600000)
 ParOldGen       total 175104K, used 52653K [0x00000000e0000000, 0x00000000eab00000, 0x00000000f5580000)
  object space 175104K, 30% used [0x00000000e0000000,0x00000000e336b678,0x00000000eab00000)
 Metaspace       used 73670K, capacity 76026K, committed 76056K, reserved 1114112K
  class space    used 9943K, capacity 10513K, committed 10520K, reserved 1048576K
}
Event: 49.772 GC heap before
{Heap before GC invocations=18 (full 3):
 PSYoungGen      total 143360K, used 143180K [0x00000000f5580000, 0x0000000100000000, 0x0000000100000000)
  eden space 121344K, 99% used [0x00000000f5580000,0x00000000fcbd3638,0x00000000fcc00000)
  from space 22016K, 99% used [0x00000000fea80000,0x00000000fffff9e0,0x0000000100000000)
  to   space 26624K, 0% used [0x00000000fcc00000,0x00000000fcc00000,0x00000000fe600000)
 ParOldGen       total 175104K, used 52653K [0x00000000e0000000, 0x00000000eab00000, 0x00000000f5580000)
  object space 175104K, 30% used [0x00000000e0000000,0x00000000e336b678,0x00000000eab00000)
 Metaspace       used 73774K, capacity 76106K, committed 76312K, reserved 1116160K
  class space    used 9957K, capacity 10517K, committed 10520K, reserved 1048576K
Event: 49.793 GC heap after
Heap after GC invocations=18 (full 3):
 PSYoungGen      total 140288K, used 18605K [0x00000000f5580000, 0x0000000100000000, 0x0000000100000000)
  eden space 121344K, 0% used [0x00000000f5580000,0x00000000f5580000,0x00000000fcc00000)
  from space 18944K, 98% used [0x00000000fcc00000,0x00000000fde2b478,0x00000000fde80000)
  to   space 27136K, 0% used [0x00000000fe580000,0x00000000fe580000,0x0000000100000000)
 ParOldGen       total 175104K, used 64829K [0x00000000e0000000, 0x00000000eab00000, 0x00000000f5580000)
  object space 175104K, 37% used [0x00000000e0000000,0x00000000e3f4f768,0x00000000eab00000)
 Metaspace       used 73774K, capacity 76106K, committed 76312K, reserved 1116160K
  class space    used 9957K, capacity 10517K, committed 10520K, reserved 1048576K
}

